<?xml version="1.0" encoding="UTF-8"?>
<!-- Generated by org.testng.reporters.JUnitReportReporter -->
<testsuite skipped="0" hostname="LGDN14478-W7D01" name="Railway.RegisterTest" tests="3" failures="0" timestamp="30 Nov 2018 01:57:18 GMT" time="25.032" errors="0">
  <testcase name="TC10" time="9.335" classname="Railway.RegisterTest"/>
  <testcase name="TC07" time="9.918" classname="Railway.RegisterTest"/>
  <testcase name="TC11" time="5.779" classname="Railway.RegisterTest"/>
</testsuite> <!-- Railway.RegisterTest -->
