<?xml version="1.0" encoding="UTF-8"?>
<!-- Generated by org.testng.reporters.JUnitReportReporter -->
<testsuite skipped="0" hostname="LGDN14478-W7D01" name="Railway.BookTicketTest" tests="3" failures="0" timestamp="06 Dec 2018 07:40:26 GMT" time="60.055" errors="0">
  <testcase name="TC16" time="20.390" classname="Railway.BookTicketTest"/>
  <testcase name="TC14" time="19.086" classname="Railway.BookTicketTest"/>
  <testcase name="TC15" time="20.579" classname="Railway.BookTicketTest"/>
</testsuite> <!-- Railway.BookTicketTest -->
