<?xml version="1.0" encoding="UTF-8"?>
<!-- Generated by org.testng.reporters.JUnitReportReporter -->
<testsuite skipped="0" hostname="LGDN14478-W7D01" name="Railway.RegisterTest" tests="1" failures="0" timestamp="22 Nov 2018 10:35:23 GMT" time="10.390" errors="0">
  <testcase name="TC07" time="10.390" classname="Railway.RegisterTest"/>
</testsuite> <!-- Railway.RegisterTest -->
