<?xml version="1.0" encoding="UTF-8"?>
<!-- Generated by org.testng.reporters.JUnitReportReporter -->
<testsuite skipped="0" hostname="LGDN14478-W7D01" name="Railway.LoginTest" tests="1" failures="0" timestamp="03 Dec 2018 09:50:51 GMT" time="28.964" errors="0">
  <testcase name="TC13" time="28.964" classname="Railway.LoginTest"/>
</testsuite> <!-- Railway.LoginTest -->
