<?xml version="1.0" encoding="UTF-8"?>
<!-- Generated by org.testng.reporters.JUnitReportReporter -->
<testsuite skipped="0" hostname="LGDN14478-W7D01" name="Railway.RegisterTest" tests="2" failures="0" timestamp="26 Nov 2018 10:22:47 GMT" time="18.820" errors="0">
  <testcase name="TC10" time="9.358" classname="Railway.RegisterTest"/>
  <testcase name="TC07" time="9.462" classname="Railway.RegisterTest"/>
</testsuite> <!-- Railway.RegisterTest -->
