<?xml version="1.0" encoding="UTF-8"?>
<!-- Generated by org.testng.reporters.JUnitReportReporter -->
<testsuite skipped="0" hostname="LGDN14478-W7D01" name="Railway.LoginTest" tests="1" failures="0" timestamp="22 Nov 2018 10:45:41 GMT" time="9.523" errors="0">
  <testcase name="TC06" time="9.523" classname="Railway.LoginTest"/>
</testsuite> <!-- Railway.LoginTest -->
